<?xml version="1.0" encoding="UTF-8"?>
<robot generator="Robot 3.2.2 (Python 3.9.1 on win32)" generated="20210210 18:24:11.960" rpa="false">
<suite id="s1" name="ImportingFileTodataset &amp; Reimport Historical Data SmokeSuite">
<suite id="s1-s1" name="ImportingFileTodataset" source="C:\Users\sujat\eclipse-workspace\BCPlatformProject1\Test\ImportingFileTodataset.robot">
<kw name="Log" library="BuiltIn" type="setup">
<doc>Logs the given message with the given level.</doc>
<arguments>
<arg>Inside Setup settings</arg>
</arguments>
<msg timestamp="20210210 18:24:11.999" level="INFO">Inside Setup settings</msg>
<status status="PASS" starttime="20210210 18:24:11.998" endtime="20210210 18:24:11.999"></status>
</kw>
<test id="s1-s1-t1" name="FileSourceSelectionToImport">
<kw name="Log" library="BuiltIn" type="setup">
<doc>Logs the given message with the given level.</doc>
<arguments>
<arg>Inside Test Setup</arg>
</arguments>
<msg timestamp="20210210 18:24:12.000" level="INFO">Inside Test Setup</msg>
<status status="PASS" starttime="20210210 18:24:11.999" endtime="20210210 18:24:12.000"></status>
</kw>
<kw name="Log" library="BuiltIn">
<doc>Logs the given message with the given level.</doc>
<arguments>
<arg>Browse and select file source</arg>
</arguments>
<msg timestamp="20210210 18:24:12.000" level="INFO">Browse and select file source</msg>
<status status="PASS" starttime="20210210 18:24:12.000" endtime="20210210 18:24:12.000"></status>
</kw>
<kw name="Set Tags" library="BuiltIn">
<doc>Adds given ``tags`` for the current test or all tests in a suite.</doc>
<arguments>
<arg>Smoke</arg>
</arguments>
<msg timestamp="20210210 18:24:12.001" level="INFO">Set tag 'Smoke'.</msg>
<status status="PASS" starttime="20210210 18:24:12.001" endtime="20210210 18:24:12.001"></status>
</kw>
<kw name="Log" library="BuiltIn" type="teardown">
<doc>Logs the given message with the given level.</doc>
<arguments>
<arg>Inside Test TearDown</arg>
</arguments>
<msg timestamp="20210210 18:24:12.002" level="INFO">Inside Test TearDown</msg>
<status status="PASS" starttime="20210210 18:24:12.002" endtime="20210210 18:24:12.002"></status>
</kw>
<tags>
<tag>Sanity</tag>
<tag>Smoke</tag>
</tags>
<status status="PASS" starttime="20210210 18:24:11.999" endtime="20210210 18:24:12.002" critical="yes"></status>
</test>
<test id="s1-s1-t2" name="PreviewFileImport">
<kw name="Log" library="BuiltIn" type="setup">
<doc>Logs the given message with the given level.</doc>
<arguments>
<arg>Inside Test Setup</arg>
</arguments>
<msg timestamp="20210210 18:24:12.007" level="INFO">Inside Test Setup</msg>
<status status="PASS" starttime="20210210 18:24:12.007" endtime="20210210 18:24:12.007"></status>
</kw>
<kw name="Log" library="BuiltIn">
<doc>Logs the given message with the given level.</doc>
<arguments>
<arg>File previewed all data is correct</arg>
</arguments>
<msg timestamp="20210210 18:24:12.008" level="INFO">File previewed all data is correct</msg>
<status status="PASS" starttime="20210210 18:24:12.008" endtime="20210210 18:24:12.008"></status>
</kw>
<kw name="Set Tags" library="BuiltIn">
<doc>Adds given ``tags`` for the current test or all tests in a suite.</doc>
<arguments>
<arg>Regression</arg>
</arguments>
<msg timestamp="20210210 18:24:12.009" level="INFO">Set tag 'Regression'.</msg>
<status status="PASS" starttime="20210210 18:24:12.009" endtime="20210210 18:24:12.009"></status>
</kw>
<kw name="Log" library="BuiltIn" type="teardown">
<doc>Logs the given message with the given level.</doc>
<arguments>
<arg>Inside Test TearDown</arg>
</arguments>
<msg timestamp="20210210 18:24:12.010" level="INFO">Inside Test TearDown</msg>
<status status="PASS" starttime="20210210 18:24:12.010" endtime="20210210 18:24:12.010"></status>
</kw>
<tags>
<tag>Regression</tag>
<tag>Sanity</tag>
</tags>
<status status="PASS" starttime="20210210 18:24:12.005" endtime="20210210 18:24:12.010" critical="yes"></status>
</test>
<test id="s1-s1-t3" name="ImportFileClick">
<kw name="Log" library="BuiltIn" type="setup">
<doc>Logs the given message with the given level.</doc>
<arguments>
<arg>Inside Test Setup</arg>
</arguments>
<msg timestamp="20210210 18:24:12.014" level="INFO">Inside Test Setup</msg>
<status status="PASS" starttime="20210210 18:24:12.014" endtime="20210210 18:24:12.015"></status>
</kw>
<kw name="Log" library="BuiltIn">
<doc>Logs the given message with the given level.</doc>
<arguments>
<arg>Click on import and verify sucessful operation</arg>
</arguments>
<msg timestamp="20210210 18:24:12.015" level="INFO">Click on import and verify sucessful operation</msg>
<status status="PASS" starttime="20210210 18:24:12.015" endtime="20210210 18:24:12.016"></status>
</kw>
<kw name="Log" library="BuiltIn" type="teardown">
<doc>Logs the given message with the given level.</doc>
<arguments>
<arg>Inside Test TearDown</arg>
</arguments>
<msg timestamp="20210210 18:24:12.016" level="INFO">Inside Test TearDown</msg>
<status status="PASS" starttime="20210210 18:24:12.016" endtime="20210210 18:24:12.016"></status>
</kw>
<tags>
<tag>Sanity</tag>
</tags>
<status status="PASS" starttime="20210210 18:24:12.013" endtime="20210210 18:24:12.017" critical="yes"></status>
</test>
<kw name="Log" library="BuiltIn" type="teardown">
<doc>Logs the given message with the given level.</doc>
<arguments>
<arg>Inside Teardown settings</arg>
</arguments>
<msg timestamp="20210210 18:24:12.019" level="INFO">Inside Teardown settings</msg>
<status status="PASS" starttime="20210210 18:24:12.019" endtime="20210210 18:24:12.020"></status>
</kw>
<status status="PASS" starttime="20210210 18:24:11.993" endtime="20210210 18:24:12.020"></status>
</suite>
<suite id="s1-s2" name="Reimport Historical Data SmokeSuite" source="C:\Users\sujat\eclipse-workspace\BCPlatformProject1\Test\Reimport_Historical_Data_SmokeSuite.robot">
<kw name="Log" library="BuiltIn" type="setup">
<doc>Logs the given message with the given level.</doc>
<arguments>
<arg>Inside Setup settings</arg>
</arguments>
<msg timestamp="20210210 18:24:12.029" level="INFO">Inside Setup settings</msg>
<status status="PASS" starttime="20210210 18:24:12.028" endtime="20210210 18:24:12.029"></status>
</kw>
<test id="s1-s2-t1" name="ListHistoricalFilesToView">
<kw name="Log" library="BuiltIn" type="setup">
<doc>Logs the given message with the given level.</doc>
<arguments>
<arg>Inside Test Setup</arg>
</arguments>
<msg timestamp="20210210 18:24:12.031" level="INFO">Inside Test Setup</msg>
<status status="PASS" starttime="20210210 18:24:12.031" endtime="20210210 18:24:12.031"></status>
</kw>
<kw name="Log" library="BuiltIn">
<doc>Logs the given message with the given level.</doc>
<arguments>
<arg>Successful listing of all files</arg>
</arguments>
<msg timestamp="20210210 18:24:12.032" level="INFO">Successful listing of all files</msg>
<status status="PASS" starttime="20210210 18:24:12.032" endtime="20210210 18:24:12.032"></status>
</kw>
<kw name="Log" library="BuiltIn" type="teardown">
<doc>Logs the given message with the given level.</doc>
<arguments>
<arg>Inside Test TearDown</arg>
</arguments>
<msg timestamp="20210210 18:24:12.033" level="INFO">Inside Test TearDown</msg>
<status status="PASS" starttime="20210210 18:24:12.033" endtime="20210210 18:24:12.033"></status>
</kw>
<tags>
<tag>Smoke</tag>
</tags>
<status status="PASS" starttime="20210210 18:24:12.029" endtime="20210210 18:24:12.033" critical="yes"></status>
</test>
<test id="s1-s2-t2" name="VerifyReuploadButtonVisible">
<kw name="Log" library="BuiltIn" type="setup">
<doc>Logs the given message with the given level.</doc>
<arguments>
<arg>Inside Test Setup</arg>
</arguments>
<msg timestamp="20210210 18:24:12.038" level="INFO">Inside Test Setup</msg>
<status status="PASS" starttime="20210210 18:24:12.037" endtime="20210210 18:24:12.038"></status>
</kw>
<kw name="Log" library="BuiltIn">
<doc>Logs the given message with the given level.</doc>
<arguments>
<arg>Reupload Button is visible and displayed</arg>
</arguments>
<msg timestamp="20210210 18:24:12.038" level="INFO">Reupload Button is visible and displayed</msg>
<status status="PASS" starttime="20210210 18:24:12.038" endtime="20210210 18:24:12.039"></status>
</kw>
<kw name="Set Tags" library="BuiltIn">
<doc>Adds given ``tags`` for the current test or all tests in a suite.</doc>
<arguments>
<arg>Critical</arg>
</arguments>
<msg timestamp="20210210 18:24:12.039" level="INFO">Set tag 'Critical'.</msg>
<status status="PASS" starttime="20210210 18:24:12.039" endtime="20210210 18:24:12.039"></status>
</kw>
<kw name="Log" library="BuiltIn" type="teardown">
<doc>Logs the given message with the given level.</doc>
<arguments>
<arg>Inside Test TearDown</arg>
</arguments>
<msg timestamp="20210210 18:24:12.040" level="INFO">Inside Test TearDown</msg>
<status status="PASS" starttime="20210210 18:24:12.040" endtime="20210210 18:24:12.040"></status>
</kw>
<tags>
<tag>Critical</tag>
<tag>Smoke</tag>
</tags>
<status status="PASS" starttime="20210210 18:24:12.035" endtime="20210210 18:24:12.041" critical="yes"></status>
</test>
<test id="s1-s2-t3" name="VerifyAPIFileComparisionMethod">
<kw name="Log" library="BuiltIn" type="setup">
<doc>Logs the given message with the given level.</doc>
<arguments>
<arg>Inside Test Setup</arg>
</arguments>
<msg timestamp="20210210 18:24:12.045" level="INFO">Inside Test Setup</msg>
<status status="PASS" starttime="20210210 18:24:12.044" endtime="20210210 18:24:12.045"></status>
</kw>
<kw name="Log" library="BuiltIn">
<doc>Logs the given message with the given level.</doc>
<arguments>
<arg>API endpoint can be reached and response body is fetched</arg>
</arguments>
<msg timestamp="20210210 18:24:12.046" level="INFO">API endpoint can be reached and response body is fetched</msg>
<status status="PASS" starttime="20210210 18:24:12.045" endtime="20210210 18:24:12.046"></status>
</kw>
<kw name="Set Tags" library="BuiltIn">
<doc>Adds given ``tags`` for the current test or all tests in a suite.</doc>
<arguments>
<arg>Critical</arg>
</arguments>
<msg timestamp="20210210 18:24:12.047" level="INFO">Set tag 'Critical'.</msg>
<status status="PASS" starttime="20210210 18:24:12.047" endtime="20210210 18:24:12.047"></status>
</kw>
<kw name="Log" library="BuiltIn" type="teardown">
<doc>Logs the given message with the given level.</doc>
<arguments>
<arg>Inside Test TearDown</arg>
</arguments>
<msg timestamp="20210210 18:24:12.048" level="INFO">Inside Test TearDown</msg>
<status status="PASS" starttime="20210210 18:24:12.048" endtime="20210210 18:24:12.048"></status>
</kw>
<tags>
<tag>Critical</tag>
<tag>Smoke</tag>
</tags>
<status status="PASS" starttime="20210210 18:24:12.043" endtime="20210210 18:24:12.048" critical="yes"></status>
</test>
<test id="s1-s2-t4" name="VerifyFlagSetForOutOfDateFile">
<kw name="Log" library="BuiltIn" type="setup">
<doc>Logs the given message with the given level.</doc>
<arguments>
<arg>Inside Test Setup</arg>
</arguments>
<msg timestamp="20210210 18:24:12.053" level="INFO">Inside Test Setup</msg>
<status status="PASS" starttime="20210210 18:24:12.052" endtime="20210210 18:24:12.053"></status>
</kw>
<kw name="Log" library="BuiltIn">
<doc>Logs the given message with the given level.</doc>
<arguments>
<arg>Flag set and file is out of date. Reimport required</arg>
</arguments>
<msg timestamp="20210210 18:24:12.053" level="INFO">Flag set and file is out of date. Reimport required</msg>
<status status="PASS" starttime="20210210 18:24:12.053" endtime="20210210 18:24:12.053"></status>
</kw>
<kw name="Log" library="BuiltIn" type="teardown">
<doc>Logs the given message with the given level.</doc>
<arguments>
<arg>Inside Test TearDown</arg>
</arguments>
<msg timestamp="20210210 18:24:12.054" level="INFO">Inside Test TearDown</msg>
<status status="PASS" starttime="20210210 18:24:12.054" endtime="20210210 18:24:12.054"></status>
</kw>
<tags>
<tag>Smoke</tag>
</tags>
<status status="PASS" starttime="20210210 18:24:12.050" endtime="20210210 18:24:12.055" critical="yes"></status>
</test>
<kw name="Log" library="BuiltIn" type="teardown">
<doc>Logs the given message with the given level.</doc>
<arguments>
<arg>Inside Teardown settings</arg>
</arguments>
<msg timestamp="20210210 18:24:12.059" level="INFO">Inside Teardown settings</msg>
<status status="PASS" starttime="20210210 18:24:12.057" endtime="20210210 18:24:12.059"></status>
</kw>
<status status="PASS" starttime="20210210 18:24:12.024" endtime="20210210 18:24:12.059"></status>
</suite>
<status status="PASS" starttime="20210210 18:24:11.963" endtime="20210210 18:24:12.063"></status>
</suite>
<statistics>
<total>
<stat pass="7" fail="0">Critical Tests</stat>
<stat pass="7" fail="0">All Tests</stat>
</total>
<tag>
<stat pass="2" fail="0">Critical</stat>
<stat pass="1" fail="0">Regression</stat>
<stat pass="3" fail="0">Sanity</stat>
<stat pass="5" fail="0">Smoke</stat>
</tag>
<suite>
<stat pass="7" fail="0" id="s1" name="ImportingFileTodataset &amp; Reimport Historical Data SmokeSuite">ImportingFileTodataset &amp; Reimport Historical Data SmokeSuite</stat>
<stat pass="3" fail="0" id="s1-s1" name="ImportingFileTodataset">ImportingFileTodataset &amp; Reimport Historical Data SmokeSuite.ImportingFileTodataset</stat>
<stat pass="4" fail="0" id="s1-s2" name="Reimport Historical Data SmokeSuite">ImportingFileTodataset &amp; Reimport Historical Data SmokeSuite.Reimport Historical Data SmokeSuite</stat>
</suite>
</statistics>
<errors>
</errors>
</robot>
