<?xml version="1.0" encoding="UTF-8"?>
<robot generator="Robot 3.2.2 (Python 3.9.1 on win32)" generated="20210210 18:11:24.541" rpa="false">
<suite id="s1" name="BCPlatformProject1" source="C:\Users\sujat\eclipse-workspace\BCPlatformProject1">
<suite id="s1-s1" name="Test" source="C:\Users\sujat\eclipse-workspace\BCPlatformProject1\Test">
<suite id="s1-s1-s1" name="ImportingFileTodataset" source="C:\Users\sujat\eclipse-workspace\BCPlatformProject1\Test\ImportingFileTodataset.robot">
<kw name="Log" library="BuiltIn" type="setup">
<doc>Logs the given message with the given level.</doc>
<arguments>
<arg>Inside Setup settings</arg>
</arguments>
<msg timestamp="20210210 18:11:24.822" level="INFO">Inside Setup settings</msg>
<status status="PASS" starttime="20210210 18:11:24.821" endtime="20210210 18:11:24.823"></status>
</kw>
<test id="s1-s1-s1-t1" name="FileSourceSelectionToImport">
<kw name="Log" library="BuiltIn">
<doc>Logs the given message with the given level.</doc>
<arguments>
<arg>Browse and select file source</arg>
</arguments>
<msg timestamp="20210210 18:11:24.828" level="INFO">Browse and select file source</msg>
<status status="PASS" starttime="20210210 18:11:24.827" endtime="20210210 18:11:24.829"></status>
</kw>
<status status="PASS" starttime="20210210 18:11:24.825" endtime="20210210 18:11:24.830" critical="yes"></status>
</test>
<test id="s1-s1-s1-t2" name="PreviewFileImport">
<kw name="Log" library="BuiltIn">
<doc>Logs the given message with the given level.</doc>
<arguments>
<arg>File previewed all data is correct</arg>
</arguments>
<msg timestamp="20210210 18:11:24.836" level="INFO">File previewed all data is correct</msg>
<status status="PASS" starttime="20210210 18:11:24.835" endtime="20210210 18:11:24.837"></status>
</kw>
<status status="PASS" starttime="20210210 18:11:24.833" endtime="20210210 18:11:24.838" critical="yes"></status>
</test>
<test id="s1-s1-s1-t3" name="ImportFileClick">
<kw name="Log" library="BuiltIn">
<doc>Logs the given message with the given level.</doc>
<arguments>
<arg>Click on import and verify sucessful operation</arg>
</arguments>
<msg timestamp="20210210 18:11:24.844" level="INFO">Click on import and verify sucessful operation</msg>
<status status="PASS" starttime="20210210 18:11:24.843" endtime="20210210 18:11:24.845"></status>
</kw>
<status status="PASS" starttime="20210210 18:11:24.840" endtime="20210210 18:11:24.847" critical="yes"></status>
</test>
<kw name="Log" library="BuiltIn" type="teardown">
<doc>Logs the given message with the given level.</doc>
<arguments>
<arg>Inside Teardown settings</arg>
</arguments>
<msg timestamp="20210210 18:11:24.851" level="INFO">Inside Teardown settings</msg>
<status status="PASS" starttime="20210210 18:11:24.849" endtime="20210210 18:11:24.851"></status>
</kw>
<status status="PASS" starttime="20210210 18:11:24.809" endtime="20210210 18:11:24.852"></status>
</suite>
<suite id="s1-s1-s2" name="Reimport Historical Data SmokeSuite" source="C:\Users\sujat\eclipse-workspace\BCPlatformProject1\Test\Reimport_Historical_Data_SmokeSuite.robot">
<kw name="Log" library="BuiltIn" type="setup">
<doc>Logs the given message with the given level.</doc>
<arguments>
<arg>Inside Setup settings</arg>
</arguments>
<msg timestamp="20210210 18:11:24.869" level="INFO">Inside Setup settings</msg>
<status status="PASS" starttime="20210210 18:11:24.868" endtime="20210210 18:11:24.870"></status>
</kw>
<test id="s1-s1-s2-t1" name="ListHistoricalFilesToView">
<kw name="Log" library="BuiltIn">
<doc>Logs the given message with the given level.</doc>
<arguments>
<arg>Successful listing of all files</arg>
</arguments>
<msg timestamp="20210210 18:11:24.874" level="INFO">Successful listing of all files</msg>
<status status="PASS" starttime="20210210 18:11:24.873" endtime="20210210 18:11:24.875"></status>
</kw>
<status status="PASS" starttime="20210210 18:11:24.871" endtime="20210210 18:11:24.876" critical="yes"></status>
</test>
<test id="s1-s1-s2-t2" name="VerifyReuploadButtonVisible">
<kw name="Log" library="BuiltIn">
<doc>Logs the given message with the given level.</doc>
<arguments>
<arg>Reupload Button is visible and displayed</arg>
</arguments>
<msg timestamp="20210210 18:11:24.882" level="INFO">Reupload Button is visible and displayed</msg>
<status status="PASS" starttime="20210210 18:11:24.880" endtime="20210210 18:11:24.883"></status>
</kw>
<status status="PASS" starttime="20210210 18:11:24.878" endtime="20210210 18:11:24.884" critical="yes"></status>
</test>
<test id="s1-s1-s2-t3" name="VerifyAPIFileComparisionMethod">
<kw name="Log" library="BuiltIn">
<doc>Logs the given message with the given level.</doc>
<arguments>
<arg>API endpoint can be reached and response body is fetched</arg>
</arguments>
<msg timestamp="20210210 18:11:24.889" level="INFO">API endpoint can be reached and response body is fetched</msg>
<status status="PASS" starttime="20210210 18:11:24.888" endtime="20210210 18:11:24.891"></status>
</kw>
<status status="PASS" starttime="20210210 18:11:24.886" endtime="20210210 18:11:24.892" critical="yes"></status>
</test>
<test id="s1-s1-s2-t4" name="VerifyFlagSetForOutOfDateFile">
<kw name="Log" library="BuiltIn">
<doc>Logs the given message with the given level.</doc>
<arguments>
<arg>Flag set and file is out of date. Reimport required</arg>
</arguments>
<msg timestamp="20210210 18:11:24.899" level="INFO">Flag set and file is out of date. Reimport required</msg>
<status status="PASS" starttime="20210210 18:11:24.896" endtime="20210210 18:11:24.900"></status>
</kw>
<status status="PASS" starttime="20210210 18:11:24.894" endtime="20210210 18:11:24.902" critical="yes"></status>
</test>
<kw name="Log" library="BuiltIn" type="teardown">
<doc>Logs the given message with the given level.</doc>
<arguments>
<arg>Inside Teardown settings</arg>
</arguments>
<msg timestamp="20210210 18:11:24.907" level="INFO">Inside Teardown settings</msg>
<status status="PASS" starttime="20210210 18:11:24.905" endtime="20210210 18:11:24.909"></status>
</kw>
<status status="PASS" starttime="20210210 18:11:24.857" endtime="20210210 18:11:24.910"></status>
</suite>
<status status="PASS" starttime="20210210 18:11:24.797" endtime="20210210 18:11:24.920"></status>
</suite>
<status status="PASS" starttime="20210210 18:11:24.694" endtime="20210210 18:11:24.927"></status>
</suite>
<statistics>
<total>
<stat pass="7" fail="0">Critical Tests</stat>
<stat pass="7" fail="0">All Tests</stat>
</total>
<tag>
</tag>
<suite>
<stat pass="7" fail="0" id="s1" name="BCPlatformProject1">BCPlatformProject1</stat>
<stat pass="7" fail="0" id="s1-s1" name="Test">BCPlatformProject1.Test</stat>
<stat pass="3" fail="0" id="s1-s1-s1" name="ImportingFileTodataset">BCPlatformProject1.Test.ImportingFileTodataset</stat>
<stat pass="4" fail="0" id="s1-s1-s2" name="Reimport Historical Data SmokeSuite">BCPlatformProject1.Test.Reimport Historical Data SmokeSuite</stat>
</suite>
</statistics>
<errors>
</errors>
</robot>
